
Showing logs for build [32mrajattyagipvr-python-http-10-ma-2j2ll-10[0m stage [32mfrom-build-pack[0m and container [32mstep-credential-initializer-mm42g[0m
{"level":"warn","ts":1596047147.3949337,"logger":"fallback-logger","caller":"logging/config.go:69","msg":"Fetch GitHub commit ID from kodata failed: \"ref: refs/heads/0.8.0-**-support-backwards-incompats\" is not a valid GitHub commit ID"}
{"level":"info","ts":1596047147.3971646,"logger":"fallback-logger","caller":"creds-init/main.go:40","msg":"Credentials initialized."}

Showing logs for build [32mrajattyagipvr-python-http-10-ma-2j2ll-10[0m stage [32mfrom-build-pack[0m and container [32mstep-working-dir-initializer-k4g44[0m
{"level":"warn","ts":1596047148.4216785,"logger":"fallback-logger","caller":"logging/config.go:69","msg":"Fetch GitHub commit ID from kodata failed: open /var/run/ko/HEAD: no such file or directory"}
{"level":"info","ts":1596047148.430706,"logger":"fallback-logger","caller":"bash/main.go:64","msg":"Successfully executed command \"sh -c mkdir -p /workspace/source\"; output "}

Showing logs for build [32mrajattyagipvr-python-http-10-ma-2j2ll-10[0m stage [32mfrom-build-pack[0m and container [32mstep-place-tools[0m

Showing logs for build [32mrajattyagipvr-python-http-10-ma-2j2ll-10[0m stage [32mfrom-build-pack[0m and container [32mstep-git-source-rajattyagipvr-python-http-10-ma-2j2ll-z7j22[0m
{"level":"warn","ts":1596047162.0631876,"logger":"fallback-logger","caller":"logging/config.go:69","msg":"Fetch GitHub commit ID from kodata failed: \"ref: refs/heads/0.8.0-**-support-backwards-incompats\" is not a valid GitHub commit ID"}
{"level":"info","ts":1596047164.8122225,"logger":"fallback-logger","caller":"git/git.go:103","msg":"Successfully cloned https://github.com/*************/python-http-10.git @ v0.0.10 in path /workspace/source"}

Showing logs for build [32mrajattyagipvr-python-http-10-ma-2j2ll-10[0m stage [32mfrom-build-pack[0m and container [32mstep-git-merge[0m
Using SHAs from PULL_REFS=master:
WARNING: no SHAs to merge, falling back to initial cloned commit

Showing logs for build [32mrajattyagipvr-python-http-10-ma-2j2ll-10[0m stage [32mfrom-build-pack[0m and container [32mstep-setup-jx-git-credentials[0m
Cloning the Jenkins X versions repo https://github.com/*************/jenkins-x-versions.git with ref refs/heads/master to /builder/home/.**/jenkins-x-versions
Generated Git credentials file /workspace/xdg_config/git/credentials

Showing logs for build [32mrajattyagipvr-python-http-10-ma-2j2ll-10[0m stage [32mfrom-build-pack[0m and container [32mstep-build-python-unittest[0m

----------------------------------------------------------------------
Ran 0 tests in 0.000s

OK

Showing logs for build [32mrajattyagipvr-python-http-10-ma-2j2ll-10[0m stage [32mfrom-build-pack[0m and container [32mstep-build-container-build[0m
[36mINFO[0m[0000] Resolved base name python:onbuild to python:onbuild 
[36mINFO[0m[0000] Resolved base name python:onbuild to python:onbuild 
[36mINFO[0m[0000] Downloading base image python:onbuild        
2020/07/29 18:26:14 No matching credentials were found, falling back on anonymous
[36mINFO[0m[0002] Error while retrieving image from cache: getting file info: stat /workspace/sha256:43780a8431c53f4afd734ad795e03127c0c607337a60639c5903a51a03535c22: no such file or directory 
[36mINFO[0m[0002] Downloading base image python:onbuild        
2020/07/29 18:26:16 No matching credentials were found, falling back on anonymous
[36mINFO[0m[0008] Built cross stage deps: map[]                
[36mINFO[0m[0008] Downloading base image python:onbuild        
2020/07/29 18:26:22 No matching credentials were found, falling back on anonymous
[36mINFO[0m[0009] Error while retrieving image from cache: getting file info: stat /workspace/sha256:43780a8431c53f4afd734ad795e03127c0c607337a60639c5903a51a03535c22: no such file or directory 
[36mINFO[0m[0009] Downloading base image python:onbuild        
2020/07/29 18:26:23 No matching credentials were found, falling back on anonymous
[36mINFO[0m[0011] Executing 3 build triggers                   
[36mINFO[0m[0011] Using files from context: [/workspace/source/requirements.txt] 
[36mINFO[0m[0011] Checking for cached layer 702769831180.dkr.ecr.ap-south-1.amazonaws.com/702769831180/cache:292c97c2018198a5cf62e84f320c2d7b304054e9db48a42dbb7062d77b6c716e... 
[36mINFO[0m[0011] Using caching version of cmd: RUN pip install --no-cache-dir -r requirements.txt 
[36mINFO[0m[0011] Using files from context: [/workspace/source] 
[36mINFO[0m[0011] Using files from context: [/workspace/source/requirements.txt] 
[36mINFO[0m[0011] cmd: EXPOSE                                  
[36mINFO[0m[0011] Adding exposed port: 8080/tcp                
[36mINFO[0m[0011] Skipping unpacking as no commands require it. 
[36mINFO[0m[0011] Taking snapshot of full filesystem...        
[36mINFO[0m[0011] Using files from context: [/workspace/source/requirements.txt] 
[36mINFO[0m[0011] COPY requirements.txt /usr/src/app/          
[36mINFO[0m[0011] Taking snapshot of files...                  
[36mINFO[0m[0011] RUN pip install --no-cache-dir -r requirements.txt 
[36mINFO[0m[0011] Found cached layer, extracting to filesystem 
[36mINFO[0m[0012] Taking snapshot of files...                  
[36mINFO[0m[0012] Using files from context: [/workspace/source] 
[36mINFO[0m[0012] COPY . /usr/src/app                          
[36mINFO[0m[0012] Taking snapshot of files...                  
[36mINFO[0m[0012] Using files from context: [/workspace/source/requirements.txt] 
[36mINFO[0m[0012] COPY requirements.txt .                      
[36mINFO[0m[0012] Taking snapshot of files...                  
[36mINFO[0m[0012] ENV PORT 8080                                
[36mINFO[0m[0012] No files changed in this command, skipping snapshotting. 
[36mINFO[0m[0012] EXPOSE 8080                                  
[36mINFO[0m[0012] cmd: EXPOSE                                  
[36mINFO[0m[0012] Adding exposed port: 8080/tcp                
[36mINFO[0m[0012] No files changed in this command, skipping snapshotting. 
[36mINFO[0m[0012] ENTRYPOINT ["python"]                        
[36mINFO[0m[0012] No files changed in this command, skipping snapshotting. 
[36mINFO[0m[0012] CMD ["app.py"]                               
[36mINFO[0m[0012] No files changed in this command, skipping snapshotting. 
2020/07/29 18:26:26 existing blob: sha256:e10b68fb77e6e91453cd4c1b02e2d77aa23a857cd8eb250617129d074478e1a5
2020/07/29 18:26:26 existing blob: sha256:490280dbcfb772eb5731f059e38fcfacaeb75b4d005af7c249fd51926db2bd62
2020/07/29 18:26:26 existing blob: sha256:06854774e2f35e4763103a446112c67322913a6177bea69eb49663e0166e6d6d
2020/07/29 18:26:26 existing blob: sha256:2d21c767035c4593de8bf7ad9781aa83ba110871d1a50871192f4e3480e6f11d
2020/07/29 18:26:26 existing blob: sha256:ece825d3308bbf98f708d95475ccd880497a1e2979ff4ef2534d49049a18488f
2020/07/29 18:26:26 existing blob: sha256:1c7fe136a31e13a1c879245672184ced3b9fc590989ba42a522a57b071a9c1aa
2020/07/29 18:26:26 existing blob: sha256:f0db43b9b8da254cebc77bf871006df01219e195b9853616b9f708f124a00f3a
2020/07/29 18:26:26 existing blob: sha256:e96bc319bce0351d1157092352bc5f85f8800c745388e60e86d06dec99285b45
2020/07/29 18:26:26 existing blob: sha256:e2c0fb34dff3a1d32346b92e53fb88a14d1987b402a2348cb379c039687fabe2
2020/07/29 18:26:26 pushed blob: sha256:2e16b956812fc6c7968c0a7de1c89e86c97aeefb7c67be740df0d22cc0727682
2020/07/29 18:26:26 pushed blob: sha256:50343c461a6ed48efa56f421aca74e6a558f89acd239a018f485d86687d25799
2020/07/29 18:26:26 pushed blob: sha256:b48e30b9f5a661ffb0a74fa15beb957b5e46e991a9f5e247499fc5b70ba750f7
2020/07/29 18:26:26 pushed blob: sha256:3a5e69156c1ff3dd533813b6b6cb37e3afd8698b8d98688a8e890ebf0d4e0502
2020/07/29 18:26:27 pushed blob: sha256:9b4ff3c76dc9cc2ce80a23f1b6433690d1f953abcf5cd33e4134e32a8daac8f9
2020/07/29 18:26:27 702769831180.dkr.ecr.ap-south-1.amazonaws.com/702769831180/python-http-10:0.0.10: digest: sha256:ab0e4b0539d300dc43182120c14fb3599bd99db516e7c036b7754ce56593b7ac size: 2385

Showing logs for build [32mrajattyagipvr-python-http-10-ma-2j2ll-10[0m stage [32mfrom-build-pack[0m and container [32mstep-promote-changelog[0m
Converted /workspace/source/charts/python-http-10 to an unshallow repository
Generating change log from git ref e2f657b8a60d6296add12f06b16ad3fe239f710c => 741454e1a6af0dc2308adac385006baa9b40b333
WARNING: No release found for *************/python-http-10 and tag v0.0.10 so creating a new release
Updated the release information at https://github.com/*************/python-http-10/releases/tag/v0.0.10
generated: /workspace/source/charts/python-http-10/templates/release.yaml
Created Release python-http-10-0-0-10 resource in namespace **
Updating PipelineActivity *************-python-http-10-master-10 with version 0.0.10
Updated PipelineActivities *************-python-http-10-master-10 with release notes URL: https://github.com/*************/python-http-10/releases/tag/v0.0.10

Showing logs for build [32mrajattyagipvr-python-http-10-ma-2j2ll-10[0m stage [32mfrom-build-pack[0m and container [32mstep-promote-helm-release[0m
Adding missing Helm repo: storage.googleapis.com https://storage.googleapis.com/chartmuseum.jenkins-x.io
Successfully added Helm repository storage.googleapis.com.
Adding missing Helm repo: bucketrepo http://bucketrepo/bucketrepo/charts/
Successfully added Helm repository bucketrepo.
Uploading chart file python-http-10-0.0.10.tgz to http://bucketrepo/bucketrepo/charts/api/charts
Received 200 response: 

Showing logs for build [32mrajattyagipvr-python-http-10-ma-2j2ll-10[0m stage [32mfrom-build-pack[0m and container [32mstep-promote-jx-promote[0m
WARNING: prow based install so skip waiting for the merge of Pull Requests to go green as currently there is an issue with gettingstatuses from the PR, see https://github.com/jenkins-x/**/issues/2410
WARNING: No $CHART_REPOSITORY defined so using the default value of: http://jenkins-x-chartmuseum:8080
Promoting app python-http-10 version 0.0.10 to namespace **-staging
WARNING: could not find upstream git URL failed to unmarshal  due to no GitConfDir defined
pushed merged branch promote-python-http-10-0.0.10
Created Pull Request: https://github.com/*************/environment-cluster12-staging/pull/58
Added label updatebot to Pull Request https://github.com/*************/environment-cluster12-staging/pull/58
got git provider status pending from PR https://github.com/*************/environment-cluster12-staging/pull/58
got git provider status pending from PR https://github.com/*************/environment-cluster12-staging/pull/58
got git provider status pending from PR https://github.com/*************/environment-cluster12-staging/pull/58
got git provider status pending from PR https://github.com/*************/environment-cluster12-staging/pull/58
got git provider status pending from PR https://github.com/*************/environment-cluster12-staging/pull/58
got git provider status pending from PR https://github.com/*************/environment-cluster12-staging/pull/58
got git provider status pending from PR https://github.com/*************/environment-cluster12-staging/pull/58
Pull Request https://github.com/*************/environment-cluster12-staging/pull/58 is merged at sha 3d2ac502b84a504b03014af155788472e472829e
Pull Request merged but we are not waiting for the update pipeline to complete!
WARNING: Could not find the service URL in namespace **-staging for names python-http-10, **-python-http-10, **-staging-python-http-10
